2020-05-16 15:37:26,321 [INFO] Starting monte carlo rollouts for iteration 0
2020-05-16 16:38:56,049 [INFO] Starting monte carlo rollouts for iteration 0
2020-05-16 16:39:16,588 [INFO] Starting monte carlo rollouts for iteration 0
2020-05-16 16:43:23,737 [INFO] Starting monte carlo rollouts for iteration 0
2020-05-16 16:44:20,207 [INFO] Starting monte carlo rollouts for iteration 0
2020-05-16 16:57:06,997 [INFO] Starting monte carlo rollouts for iteration 0
2020-05-16 16:57:41,849 [INFO] Starting monte carlo rollouts for iteration 0
2020-05-16 17:00:04,650 [INFO] Starting monte carlo rollouts for iteration 0
2020-05-16 17:02:43,769 [INFO] Starting monte carlo rollouts for iteration 0
2020-05-16 17:03:33,287 [INFO] Starting monte carlo rollouts for iteration 0
2020-05-16 17:04:16,872 [INFO] Starting monte carlo rollouts for iteration 0
2020-05-16 17:05:50,767 [INFO] Starting monte carlo rollouts for iteration 0
2020-05-16 17:06:17,109 [INFO] Starting monte carlo rollouts for iteration 0
2020-05-16 17:06:40,193 [INFO] Starting monte carlo rollouts for iteration 0
2020-05-16 17:07:43,254 [INFO] Starting monte carlo rollouts for iteration 0
2020-05-16 17:14:50,896 [INFO] Starting monte carlo rollouts for iteration 0
2020-05-16 17:22:44,690 [INFO] Starting monte carlo rollouts for iteration 0
2020-05-16 19:20:57,194 [INFO] Starting monte carlo rollouts for iteration 0
2020-05-16 19:26:11,825 [INFO] Starting monte carlo rollouts for iteration 0
2020-05-16 19:28:12,883 [INFO] Starting monte carlo rollouts for iteration 0
2020-05-16 19:28:29,846 [INFO] Starting monte carlo rollouts for iteration 0
2020-05-16 19:30:28,559 [INFO] Starting monte carlo rollouts for iteration 0
2020-05-16 19:30:59,908 [INFO] Starting monte carlo rollouts for iteration 0
2020-05-16 19:31:23,239 [INFO] Starting monte carlo rollouts for iteration 0
2020-05-16 19:33:49,449 [INFO] Starting monte carlo rollouts for iteration 0
2020-05-16 19:36:51,523 [INFO] Starting monte carlo rollouts for iteration 0
2020-05-16 19:40:57,838 [INFO] Starting monte carlo rollouts for iteration 0
2020-05-16 19:41:47,308 [INFO] Starting monte carlo rollouts for iteration 0
2020-05-16 19:43:39,170 [INFO] Starting monte carlo rollouts for iteration 0
2020-05-16 19:45:34,267 [INFO] Starting monte carlo rollouts for iteration 0
2020-05-16 19:46:07,594 [INFO] Starting monte carlo rollouts for iteration 0
2020-05-16 19:46:39,871 [INFO] Starting monte carlo rollouts for iteration 0
2020-05-16 19:47:03,441 [INFO] Starting monte carlo rollouts for iteration 0
2020-05-16 19:47:27,247 [INFO] Starting monte carlo rollouts for iteration 0
2020-05-16 19:49:20,464 [INFO] Starting monte carlo rollouts for iteration 0
2020-05-16 19:50:51,927 [INFO] Starting monte carlo rollouts for iteration 0
2020-05-16 19:51:19,132 [INFO] Starting monte carlo rollouts for iteration 0
2020-05-16 19:52:07,973 [INFO] Starting monte carlo rollouts for iteration 0
2020-05-16 19:54:07,111 [INFO] Starting monte carlo rollouts for iteration 0
2020-05-16 19:55:19,983 [INFO] Starting monte carlo rollouts for iteration 0
2020-05-16 20:02:51,067 [INFO] Starting monte carlo rollouts for iteration 0
2020-05-16 20:03:33,057 [INFO] Starting monte carlo rollouts for iteration 0
2020-05-16 20:04:49,748 [INFO] Starting monte carlo rollouts for iteration 0
2020-05-16 20:14:39,031 [INFO] Starting monte carlo rollouts for iteration 0
2020-05-16 20:16:31,811 [INFO] Starting monte carlo rollouts for iteration 0
2020-05-16 20:36:52,902 [INFO] Starting monte carlo rollouts for iteration 0
2020-05-16 20:37:19,393 [INFO] Starting monte carlo rollouts for iteration 0
2020-05-16 22:02:28,180 [INFO] Starting monte carlo rollouts for iteration 0
2020-05-16 22:03:09,186 [INFO] Starting training for iteration 0
2020-05-16 22:03:09,186 [WARNING] From /media/kappablanca/a568db55-9f23-47ec-bc8d-6a380a2ee85f/home/kappablanca/Desktop/Deep-2048/AI_2048/agents/alpha_go_style.py:102: Model.fit_generator (from tensorflow.python.keras.engine.training) is deprecated and will be removed in a future version.
Instructions for updating:
Please use Model.fit, which supports generators.
2020-05-16 22:05:16,483 [INFO] Starting monte carlo rollouts for iteration 0
2020-05-16 22:05:22,386 [INFO] Starting monte carlo rollouts for iteration 0
2020-05-16 22:05:59,962 [INFO] Starting training for iteration 0
2020-05-16 22:05:59,962 [WARNING] From /media/kappablanca/a568db55-9f23-47ec-bc8d-6a380a2ee85f/home/kappablanca/Desktop/Deep-2048/AI_2048/agents/alpha_go_style.py:102: Model.fit_generator (from tensorflow.python.keras.engine.training) is deprecated and will be removed in a future version.
Instructions for updating:
Please use Model.fit, which supports generators.
